This is pdfTeX, Version 3.14159265-2.6-1.40.17 (TeX Live 2016) (preloaded format=pdflatex 2016.5.22)  24 FEB 2017 15:43
entering extended mode
 restricted \write18 enabled.
 file:line:error style messages enabled.
 %&-line parsing enabled.
**Untitled.tex
(./Untitled.tex
LaTeX2e <2016/03/31>
Babel <3.9r> and hyphenation patterns for 83 language(s) loaded.
(/usr/local/texlive/2016/texmf-dist/tex/latex/base/article.cls
Document Class: article 2014/09/29 v1.4h Standard LaTeX document class
(/usr/local/texlive/2016/texmf-dist/tex/latex/base/size11.clo
File: size11.clo 2014/09/29 v1.4h Standard LaTeX file (size option)
)
\c@part=\count79
\c@section=\count80
\c@subsection=\count81
\c@subsubsection=\count82
\c@paragraph=\count83
\c@subparagraph=\count84
\c@figure=\count85
\c@table=\count86
\abovecaptionskip=\skip41
\belowcaptionskip=\skip42
\bibindent=\dimen102
)
(/usr/local/texlive/2016/texmf-dist/tex/latex/geometry/geometry.sty
Package: geometry 2010/09/12 v5.6 Page Geometry

(/usr/local/texlive/2016/texmf-dist/tex/latex/graphics/keyval.sty
Package: keyval 2014/10/28 v1.15 key=value parser (DPC)
\KV@toks@=\toks14
)
(/usr/local/texlive/2016/texmf-dist/tex/generic/oberdiek/ifpdf.sty
Package: ifpdf 2016/05/14 v3.1 Provides the ifpdf switch
)
(/usr/local/texlive/2016/texmf-dist/tex/generic/oberdiek/ifvtex.sty
Package: ifvtex 2016/05/16 v1.6 Detect VTeX and its facilities (HO)
Package ifvtex Info: VTeX not detected.
)
(/usr/local/texlive/2016/texmf-dist/tex/generic/ifxetex/ifxetex.sty
Package: ifxetex 2010/09/12 v0.6 Provides ifxetex conditional
)
\Gm@cnth=\count87
\Gm@cntv=\count88
\c@Gm@tempcnt=\count89
\Gm@bindingoffset=\dimen103
\Gm@wd@mp=\dimen104
\Gm@odd@mp=\dimen105
\Gm@even@mp=\dimen106
\Gm@layoutwidth=\dimen107
\Gm@layoutheight=\dimen108
\Gm@layouthoffset=\dimen109
\Gm@layoutvoffset=\dimen110
\Gm@dimlist=\toks15
)
(/usr/local/texlive/2016/texmf-dist/tex/latex/parskip/parskip.sty
Package: parskip 2001/04/09 non-zero parskip adjustments
)
(/usr/local/texlive/2016/texmf-dist/tex/latex/graphics/graphicx.sty
Package: graphicx 2014/10/28 v1.0g Enhanced LaTeX Graphics (DPC,SPQR)

(/usr/local/texlive/2016/texmf-dist/tex/latex/graphics/graphics.sty
Package: graphics 2016/05/09 v1.0r Standard LaTeX Graphics (DPC,SPQR)

(/usr/local/texlive/2016/texmf-dist/tex/latex/graphics/trig.sty
Package: trig 2016/01/03 v1.10 sin cos tan (DPC)
)
(/usr/local/texlive/2016/texmf-dist/tex/latex/graphics-cfg/graphics.cfg
File: graphics.cfg 2016/01/02 v1.10 sample graphics configuration
)
Package graphics Info: Driver file: pdftex.def on input line 96.

(/usr/local/texlive/2016/texmf-dist/tex/latex/pdftex-def/pdftex.def
File: pdftex.def 2011/05/27 v0.06d Graphics/color for pdfTeX

(/usr/local/texlive/2016/texmf-dist/tex/generic/oberdiek/infwarerr.sty
Package: infwarerr 2016/05/16 v1.4 Providing info/warning/error messages (HO)
)
(/usr/local/texlive/2016/texmf-dist/tex/generic/oberdiek/ltxcmds.sty
Package: ltxcmds 2016/05/16 v1.23 LaTeX kernel commands for general use (HO)
)
\Gread@gobject=\count90
))
\Gin@req@height=\dimen111
\Gin@req@width=\dimen112
)
(/usr/local/texlive/2016/texmf-dist/tex/latex/amsfonts/amssymb.sty
Package: amssymb 2013/01/14 v3.01 AMS font symbols

(/usr/local/texlive/2016/texmf-dist/tex/latex/amsfonts/amsfonts.sty
Package: amsfonts 2013/01/14 v3.01 Basic AMSFonts support
\@emptytoks=\toks16
\symAMSa=\mathgroup4
\symAMSb=\mathgroup5
LaTeX Font Info:    Overwriting math alphabet `\mathfrak' in version `bold'
(Font)                  U/euf/m/n --> U/euf/b/n on input line 106.
))
(./Untitled.aux)
\openout1 = `Untitled.aux'.

LaTeX Font Info:    Checking defaults for OML/cmm/m/it on input line 16.
LaTeX Font Info:    ... okay on input line 16.
LaTeX Font Info:    Checking defaults for T1/cmr/m/n on input line 16.
LaTeX Font Info:    ... okay on input line 16.
LaTeX Font Info:    Checking defaults for OT1/cmr/m/n on input line 16.
LaTeX Font Info:    ... okay on input line 16.
LaTeX Font Info:    Checking defaults for OMS/cmsy/m/n on input line 16.
LaTeX Font Info:    ... okay on input line 16.
LaTeX Font Info:    Checking defaults for OMX/cmex/m/n on input line 16.
LaTeX Font Info:    ... okay on input line 16.
LaTeX Font Info:    Checking defaults for U/cmr/m/n on input line 16.
LaTeX Font Info:    ... okay on input line 16.

*geometry* driver: auto-detecting
*geometry* detected driver: pdftex
*geometry* verbose mode - [ preamble ] result:
* driver: pdftex
* paper: letterpaper
* layout: <same size as paper>
* layoutoffset:(h,v)=(0.0pt,0.0pt)
* modes: 
* h-part:(L,W,R)=(72.26999pt, 469.75502pt, 72.26999pt)
* v-part:(T,H,B)=(72.26999pt, 650.43001pt, 72.26999pt)
* \paperwidth=614.295pt
* \paperheight=794.96999pt
* \textwidth=469.75502pt
* \textheight=650.43001pt
* \oddsidemargin=0.0pt
* \evensidemargin=0.0pt
* \topmargin=-37.0pt
* \headheight=12.0pt
* \headsep=25.0pt
* \topskip=11.0pt
* \footskip=30.0pt
* \marginparwidth=59.0pt
* \marginparsep=10.0pt
* \columnsep=10.0pt
* \skip\footins=10.0pt plus 4.0pt minus 2.0pt
* \hoffset=0.0pt
* \voffset=0.0pt
* \mag=1000
* \@twocolumnfalse
* \@twosidefalse
* \@mparswitchfalse
* \@reversemarginfalse
* (1in=72.27pt=25.4mm, 1cm=28.453pt)

(/usr/local/texlive/2016/texmf-dist/tex/context/base/mkii/supp-pdf.mkii
[Loading MPS to PDF converter (version 2006.09.02).]
\scratchcounter=\count91
\scratchdimen=\dimen113
\scratchbox=\box26
\nofMPsegments=\count92
\nofMParguments=\count93
\everyMPshowfont=\toks17
\MPscratchCnt=\count94
\MPscratchDim=\dimen114
\MPnumerator=\count95
\makeMPintoPDFobject=\count96
\everyMPtoPDFconversion=\toks18
) (/usr/local/texlive/2016/texmf-dist/tex/generic/oberdiek/pdftexcmds.sty
Package: pdftexcmds 2016/05/10 v0.21 Utility functions of pdfTeX for LuaTeX (HO
)

(/usr/local/texlive/2016/texmf-dist/tex/generic/oberdiek/ifluatex.sty
Package: ifluatex 2016/05/16 v1.4 Provides the ifluatex switch (HO)
Package ifluatex Info: LuaTeX not detected.
)
Package pdftexcmds Info: LuaTeX not detected.
Package pdftexcmds Info: \pdf@primitive is available.
Package pdftexcmds Info: \pdf@ifprimitive is available.
Package pdftexcmds Info: \pdfdraftmode found.
)
(/usr/local/texlive/2016/texmf-dist/tex/latex/oberdiek/epstopdf-base.sty
Package: epstopdf-base 2016/05/15 v2.6 Base part for package epstopdf

(/usr/local/texlive/2016/texmf-dist/tex/latex/oberdiek/grfext.sty
Package: grfext 2016/05/16 v1.2 Manage graphics extensions (HO)

(/usr/local/texlive/2016/texmf-dist/tex/generic/oberdiek/kvdefinekeys.sty
Package: kvdefinekeys 2016/05/16 v1.4 Define keys (HO)
))
(/usr/local/texlive/2016/texmf-dist/tex/latex/oberdiek/kvoptions.sty
Package: kvoptions 2016/05/16 v3.12 Key value format for package options (HO)

(/usr/local/texlive/2016/texmf-dist/tex/generic/oberdiek/kvsetkeys.sty
Package: kvsetkeys 2016/05/16 v1.17 Key value parser (HO)

(/usr/local/texlive/2016/texmf-dist/tex/generic/oberdiek/etexcmds.sty
Package: etexcmds 2016/05/16 v1.6 Avoid name clashes with e-TeX commands (HO)
Package etexcmds Info: Could not find \expanded.
(etexcmds)             That can mean that you are not using pdfTeX 1.50 or
(etexcmds)             that some package has redefined \expanded.
(etexcmds)             In the latter case, load this package earlier.
)))
Package grfext Info: Graphics extension search list:
(grfext)             [.png,.pdf,.jpg,.mps,.jpeg,.jbig2,.jb2,.PNG,.PDF,.JPG,.JPE
G,.JBIG2,.JB2,.eps]
(grfext)             \AppendGraphicsExtensions on input line 456.

(/usr/local/texlive/2016/texmf-dist/tex/latex/latexconfig/epstopdf-sys.cfg
File: epstopdf-sys.cfg 2010/07/13 v1.3 Configuration of (r)epstopdf for TeX Liv
e
))
<../../../../../Desktop/selfie.jpg, id=1, 722.7pt x 1284.8pt>
File: ../../../../../Desktop/selfie.jpg Graphic file (type jpg)

<use ../../../../../Desktop/selfie.jpg>
Package pdftex.def Info: ../../../../../Desktop/selfie.jpg used on input line 2
8.
(pdftex.def)             Requested size: 142.26378pt x 252.91693pt.
 [1

{/usr/local/texlive/2016/texmf-var/fonts/map/pdftex/updmap/pdftex.map} <../../.
./../../Desktop/selfie.jpg>]
<../../../../../Desktop/imchessboardgray.png, id=8, 552.0625pt x 266.9975pt>
File: ../../../../../Desktop/imchessboardgray.png Graphic file (type png)

<use ../../../../../Desktop/imchessboardgray.png>
Package pdftex.def Info: ../../../../../Desktop/imchessboardgray.png used on in
put line 37.
(pdftex.def)             Requested size: 284.52756pt x 137.61319pt.
LaTeX Font Info:    Try loading font information for U+msa on input line 40.

(/usr/local/texlive/2016/texmf-dist/tex/latex/amsfonts/umsa.fd
File: umsa.fd 2013/01/14 v3.01 AMS symbols A
)
LaTeX Font Info:    Try loading font information for U+msb on input line 40.

(/usr/local/texlive/2016/texmf-dist/tex/latex/amsfonts/umsb.fd
File: umsb.fd 2013/01/14 v3.01 AMS symbols B
)
<../../../../../Desktop/chessboardIx.png, id=9, 552.0625pt x 266.9975pt>
File: ../../../../../Desktop/chessboardIx.png Graphic file (type png)

<use ../../../../../Desktop/chessboardIx.png>
Package pdftex.def Info: ../../../../../Desktop/chessboardIx.png used on input 
line 42.
(pdftex.def)             Requested size: 284.52756pt x 137.61319pt.

<../../../../../Desktop/chessboardIy.png, id=10, 552.0625pt x 266.9975pt>
File: ../../../../../Desktop/chessboardIy.png Graphic file (type png)

<use ../../../../../Desktop/chessboardIy.png>
Package pdftex.def Info: ../../../../../Desktop/chessboardIy.png used on input 
line 44.
(pdftex.def)             Requested size: 284.52756pt x 137.61319pt.
 [1 <../../../../../Desktop/imchessboardgray.png (PNG copy)> <../../../../../De
sktop/chessboardIx.png (PNG copy)> <../../../../../Desktop/chessboardIy.png (PN
G copy)>]
<../../../../../Desktop/chessboardIx2.png, id=18, 552.0625pt x 266.9975pt>
File: ../../../../../Desktop/chessboardIx2.png Graphic file (type png)

<use ../../../../../Desktop/chessboardIx2.png>
Package pdftex.def Info: ../../../../../Desktop/chessboardIx2.png used on input
 line 54.
(pdftex.def)             Requested size: 284.52756pt x 137.61319pt.

<../../../../../Desktop/chessboardIy2.png, id=19, 552.0625pt x 266.9975pt>
File: ../../../../../Desktop/chessboardIy2.png Graphic file (type png)

<use ../../../../../Desktop/chessboardIy2.png>
Package pdftex.def Info: ../../../../../Desktop/chessboardIy2.png used on input
 line 56.
(pdftex.def)             Requested size: 284.52756pt x 137.61319pt.

<../../../../../Desktop/chessboardIxIy.png, id=20, 552.0625pt x 266.9975pt>
File: ../../../../../Desktop/chessboardIxIy.png Graphic file (type png)

<use ../../../../../Desktop/chessboardIxIy.png>
Package pdftex.def Info: ../../../../../Desktop/chessboardIxIy.png used on inpu
t line 58.
(pdftex.def)             Requested size: 284.52756pt x 137.61319pt.

<../../../../../Desktop/cornerness.png, id=21, 552.0625pt x 266.9975pt>
File: ../../../../../Desktop/cornerness.png Graphic file (type png)

<use ../../../../../Desktop/cornerness.png>
Package pdftex.def Info: ../../../../../Desktop/cornerness.png used on input li
ne 64.
(pdftex.def)             Requested size: 284.52756pt x 137.61319pt.
 [2 <../../../../../Desktop/chessboardIx2.png (PNG copy)> <../../../../../Deskt
op/chessboardIy2.png (PNG copy)> <../../../../../Desktop/chessboardIxIy.png (PN
G copy)>]
<../../../../../Desktop/cornerdetect.png, id=26, 552.0625pt x 266.9975pt>
File: ../../../../../Desktop/cornerdetect.png Graphic file (type png)

<use ../../../../../Desktop/cornerdetect.png>
Package pdftex.def Info: ../../../../../Desktop/cornerdetect.png used on input 
line 71.
(pdftex.def)             Requested size: 284.52756pt x 137.61319pt.

Underfull \hbox (badness 10000) in paragraph at lines 75--224

 []


Underfull \hbox (badness 10000) in paragraph at lines 75--224

 []


Underfull \hbox (badness 10000) in paragraph at lines 225--226

 []


Underfull \hbox (badness 10000) in paragraph at lines 225--226

 []

[3 <../../../../../Desktop/cornerness.png (PNG copy)> <../../../../../Desktop/c
ornerdetect.png (PNG copy)>]
<../../../../../Desktop/superimpose.png, id=30, 552.0625pt x 266.9975pt>
File: ../../../../../Desktop/superimpose.png Graphic file (type png)

<use ../../../../../Desktop/superimpose.png>
Package pdftex.def Info: ../../../../../Desktop/superimpose.png used on input l
ine 227.
(pdftex.def)             Requested size: 284.52756pt x 137.61319pt.

Underfull \hbox (badness 10000) in paragraph at lines 230--231

 []


Underfull \hbox (badness 10000) in paragraph at lines 230--231

 []

<../../../../../Desktop/rotateimg.png, id=31, 611.28375pt x 506.89375pt>
File: ../../../../../Desktop/rotateimg.png Graphic file (type png)

<use ../../../../../Desktop/rotateimg.png>
Package pdftex.def Info: ../../../../../Desktop/rotateimg.png used on input lin
e 232.
(pdftex.def)             Requested size: 284.52756pt x 235.9352pt.

Underfull \hbox (badness 10000) in paragraph at lines 234--236

 []


Underfull \hbox (badness 10000) in paragraph at lines 234--236

 []

<../../../../../Desktop/rotateimpose.png, id=32, 611.28375pt x 506.89375pt>
File: ../../../../../Desktop/rotateimpose.png Graphic file (type png)

<use ../../../../../Desktop/rotateimpose.png>
Package pdftex.def Info: ../../../../../Desktop/rotateimpose.png used on input 
line 237.
(pdftex.def)             Requested size: 284.52756pt x 235.9352pt.
 [4 <../../../../../Desktop/superimpose.png (PNG copy)> <../../../../../Desktop
/rotateimg.png (PNG copy)>]
Underfull \hbox (badness 10000) in paragraph at lines 239--240

 []


Underfull \hbox (badness 10000) in paragraph at lines 239--240

 []

<../../../../../Desktop/resizeimg.png, id=36, 2208.25pt x 1067.99pt>
File: ../../../../../Desktop/resizeimg.png Graphic file (type png)

<use ../../../../../Desktop/resizeimg.png>
Package pdftex.def Info: ../../../../../Desktop/resizeimg.png used on input lin
e 241.
(pdftex.def)             Requested size: 284.52756pt x 137.60506pt.

Underfull \hbox (badness 10000) in paragraph at lines 243--245

 []


Underfull \hbox (badness 10000) in paragraph at lines 243--245

 []

<../../../../../Desktop/resizeimpose.png, id=37, 2208.25pt x 1067.99pt>
File: ../../../../../Desktop/resizeimpose.png Graphic file (type png)

<use ../../../../../Desktop/resizeimpose.png>
Package pdftex.def Info: ../../../../../Desktop/resizeimpose.png used on input 
line 246.
(pdftex.def)             Requested size: 284.52756pt x 137.60506pt.
 [5 <../../../../../Desktop/rotateimpose.png (PNG copy)> <../../../../../Deskto
p/resizeimg.png (PNG copy)>]
[6 <../../../../../Desktop/resizeimpose.png (PNG copy)>] [7] (./Untitled.aux) )
 
Here is how much of TeX's memory you used:
 2335 strings out of 493014
 34691 string characters out of 6133351
 95959 words of memory out of 5000000
 5841 multiletter control sequences out of 15000+600000
 9806 words of font info for 37 fonts, out of 8000000 for 9000
 1141 hyphenation exceptions out of 8191
 37i,4n,32p,2011b,171s stack positions out of 5000i,500n,10000p,200000b,80000s
</usr/local/texlive/2016/texmf-dist/fonts/type1/public/amsfonts/cm/cmbx10.pfb><
/usr/local/texlive/2016/texmf-dist/fonts/type1/public/amsfonts/cm/cmbx12.pfb></
usr/local/texlive/2016/texmf-dist/fonts/type1/public/amsfonts/cm/cmmi10.pfb></u
sr/local/texlive/2016/texmf-dist/fonts/type1/public/amsfonts/cm/cmmi8.pfb></usr
/local/texlive/2016/texmf-dist/fonts/type1/public/amsfonts/cm/cmr10.pfb></usr/l
ocal/texlive/2016/texmf-dist/fonts/type1/public/amsfonts/cm/cmr8.pfb></usr/loca
l/texlive/2016/texmf-dist/fonts/type1/public/amsfonts/cm/cmsy8.pfb>
Output written on Untitled.pdf (8 pages, 2983789 bytes).
PDF statistics:
 73 PDF objects out of 1000 (max. 8388607)
 41 compressed objects within 1 object stream
 0 named destinations out of 1000 (max. 500000)
 71 words of extra memory for PDF output out of 10000 (max. 10000000)

